<?xml version="1.0" encoding="UTF-8"?>
<testsuite name="io.github.simonnozaki.koys.InterpreterTests" tests="1" skipped="0" failures="0" errors="0" timestamp="2022-09-13T00:06:09" hostname="MAC0240" time="0.02">
  <properties/>
  <testcase name="can_walk_tree_nodes()" classname="io.github.simonnozaki.koys.InterpreterTests" time="0.02"/>
  <system-out><![CDATA[]]></system-out>
  <system-err><![CDATA[]]></system-err>
</testsuite>
